[    0.000000] Initializing cgroup subsys cpuset
[    0.000000] Initializing cgroup subsys cpu
[    0.000000] Initializing cgroup subsys cpuacct
[    0.000000] Linux version 4.4.0-93-generic (buildd@lgw01-03) (gcc version 5.4.0 20160609 (Ubuntu 5.4.0-6ubuntu1~16.04.4) ) #116-Ubuntu SMP Fri Aug 11 21:17:51 UTC 2017 (Ubuntu 4.4.0-93.116-generic 4.4.79)
[    0.000000] Command line: BOOT_IMAGE=/boot/vmlinuz-4.4.0-93-generic root=LABEL=cloudimg-rootfs ro console=tty1 console=ttyS0
[    0.000000] KERNEL supported cpus:
[    0.000000]   Intel GenuineIntel
[    0.000000]   AMD AuthenticAMD
[    0.000000]   Centaur CentaurHauls
[    0.000000] x86/fpu: xstate_offset[2]:  576, xstate_sizes[2]:  256
[    0.000000] x86/fpu: Supporting XSAVE feature 0x01: 'x87 floating point registers'
[    0.000000] x86/fpu: Supporting XSAVE feature 0x02: 'SSE registers'
[    0.000000] x86/fpu: Supporting XSAVE feature 0x04: 'AVX registers'
[    0.000000] x86/fpu: Enabled xstate features 0x7, context size is 832 bytes, using 'standard' format.
[    0.000000] x86/fpu: Using 'lazy' FPU context switches.
[    0.000000] e820: BIOS-provided physical RAM map:
[    0.000000] BIOS-e820: [mem 0x0000000000000000-0x000000000009fbff] usable
[    0.000000] BIOS-e820: [mem 0x000000000009fc00-0x000000000009ffff] reserved
[    0.000000] BIOS-e820: [mem 0x00000000000f0000-0x00000000000fffff] reserved
[    0.000000] BIOS-e820: [mem 0x0000000000100000-0x000000003ffeffff] usable
[    0.000000] BIOS-e820: [mem 0x000000003fff0000-0x000000003fffffff] ACPI data
[    0.000000] BIOS-e820: [mem 0x00000000fec00000-0x00000000fec00fff] reserved
[    0.000000] BIOS-e820: [mem 0x00000000fee00000-0x00000000fee00fff] reserved
[    0.000000] BIOS-e820: [mem 0x00000000fffc0000-0x00000000ffffffff] reserved
[    0.000000] NX (Execute Disable) protection: active
[    0.000000] SMBIOS 2.5 present.
[    0.000000] Hypervisor detected: KVM
[    0.000000] e820: last_pfn = 0x3fff0 max_arch_pfn = 0x400000000
[    0.000000] MTRR: Disabled
[    0.000000] x86/PAT: MTRRs disabled, skipping PAT initialization too.
[    0.000000] CPU MTRRs all blank - virtualized system.
[    0.000000] x86/PAT: Configuration [0-7]: WB  WT  UC- UC  WB  WT  UC- UC  
[    0.000000] found SMP MP-table at [mem 0x0009fff0-0x0009ffff] mapped at [ffff88000009fff0]
[    0.000000] Scanning 1 areas for low memory corruption
[    0.000000] RAMDISK: [mem 0x36ac4000-0x37559fff]
[    0.000000] ACPI: Early table checksum verification disabled
[    0.000000] ACPI: RSDP 0x00000000000E0000 000024 (v02 VBOX  )
[    0.000000] ACPI: XSDT 0x000000003FFF0030 00003C (v01 VBOX   VBOXXSDT 00000001 ASL  00000061)
[    0.000000] ACPI: FACP 0x000000003FFF00F0 0000F4 (v04 VBOX   VBOXFACP 00000001 ASL  00000061)
[    0.000000] ACPI: DSDT 0x000000003FFF0470 0021C8 (v02 VBOX   VBOXBIOS 00000002 INTL 20100528)
[    0.000000] ACPI: FACS 0x000000003FFF0200 000040
[    0.000000] ACPI: FACS 0x000000003FFF0200 000040
[    0.000000] ACPI: APIC 0x000000003FFF0240 00005C (v02 VBOX   VBOXAPIC 00000001 ASL  00000061)
[    0.000000] ACPI: SSDT 0x000000003FFF02A0 0001CC (v01 VBOX   VBOXCPUT 00000002 INTL 20100528)
[    0.000000] No NUMA configuration found
[    0.000000] Faking a node at [mem 0x0000000000000000-0x000000003ffeffff]
[    0.000000] NODE_DATA(0) allocated [mem 0x3ffeb000-0x3ffeffff]
[    0.000000] kvm-clock: Using msrs 4b564d01 and 4b564d00
[    0.000000] kvm-clock: cpu 0, msr 0:3ffe3001, primary cpu clock
[    0.000000] kvm-clock: using sched offset of 3184120638 cycles
[    0.000000] clocksource: kvm-clock: mask: 0xffffffffffffffff max_cycles: 0x1cd42e4dffb, max_idle_ns: 881590591483 ns
[    0.000000] Zone ranges:
[    0.000000]   DMA      [mem 0x0000000000001000-0x0000000000ffffff]
[    0.000000]   DMA32    [mem 0x0000000001000000-0x000000003ffeffff]
[    0.000000]   Normal   empty
[    0.000000]   Device   empty
[    0.000000] Movable zone start for each node
[    0.000000] Early memory node ranges
[    0.000000]   node   0: [mem 0x0000000000001000-0x000000000009efff]
[    0.000000]   node   0: [mem 0x0000000000100000-0x000000003ffeffff]
[    0.000000] Initmem setup node 0 [mem 0x0000000000001000-0x000000003ffeffff]
[    0.000000] ACPI: PM-Timer IO Port: 0x4008
[    0.000000] IOAPIC[0]: apic_id 2, version 32, address 0xfec00000, GSI 0-23
[    0.000000] ACPI: INT_SRC_OVR (bus 0 bus_irq 0 global_irq 2 dfl dfl)
[    0.000000] ACPI: INT_SRC_OVR (bus 0 bus_irq 9 global_irq 9 high level)
[    0.000000] Using ACPI (MADT) for SMP configuration information
[    0.000000] smpboot: Allowing 2 CPUs, 0 hotplug CPUs
[    0.000000] PM: Registered nosave memory: [mem 0x00000000-0x00000fff]
[    0.000000] PM: Registered nosave memory: [mem 0x0009f000-0x0009ffff]
[    0.000000] PM: Registered nosave memory: [mem 0x000a0000-0x000effff]
[    0.000000] PM: Registered nosave memory: [mem 0x000f0000-0x000fffff]
[    0.000000] e820: [mem 0x40000000-0xfebfffff] available for PCI devices
[    0.000000] Booting paravirtualized kernel on KVM
[    0.000000] clocksource: refined-jiffies: mask: 0xffffffff max_cycles: 0xffffffff, max_idle_ns: 7645519600211568 ns
[    0.000000] setup_percpu: NR_CPUS:512 nr_cpumask_bits:512 nr_cpu_ids:2 nr_node_ids:1
[    0.000000] PERCPU: Embedded 34 pages/cpu @ffff88003fc00000 s98328 r8192 d32744 u1048576
[    0.000000] PV qspinlock hash table entries: 256 (order: 0, 4096 bytes)
[    0.000000] Built 1 zonelists in Node order, mobility grouping on.  Total pages: 257913
[    0.000000] Policy zone: DMA32
[    0.000000] Kernel command line: BOOT_IMAGE=/boot/vmlinuz-4.4.0-93-generic root=LABEL=cloudimg-rootfs ro console=tty1 console=ttyS0
[    0.000000] PID hash table entries: 4096 (order: 3, 32768 bytes)
[    0.000000] Memory: 1001724K/1048120K available (8479K kernel code, 1294K rwdata, 3984K rodata, 1492K init, 1316K bss, 46396K reserved, 0K cma-reserved)
[    0.000000] SLUB: HWalign=64, Order=0-3, MinObjects=0, CPUs=2, Nodes=1
[    0.000000] Hierarchical RCU implementation.
[    0.000000] 	Build-time adjustment of leaf fanout to 64.
[    0.000000] 	RCU restricting CPUs from NR_CPUS=512 to nr_cpu_ids=2.
[    0.000000] RCU: Adjusting geometry for rcu_fanout_leaf=64, nr_cpu_ids=2
[    0.000000] NR_IRQS:33024 nr_irqs:440 16
[    0.000000] Console: colour VGA+ 80x25
[    0.000000] console [tty1] enabled
[    0.000000] console [ttyS0] enabled
[    0.000000] tsc: Detected 1599.998 MHz processor
[    4.436837] Calibrating delay loop (skipped) preset value.. 3199.99 BogoMIPS (lpj=6399992)
[    4.514519] pid_max: default: 32768 minimum: 301
[    4.558649] ACPI: Core revision 20150930
[    4.595432] ACPI: 2 ACPI AML tables successfully acquired and loaded
[    4.645929] Security Framework initialized
[    4.675096] Yama: becoming mindful.
[    4.721259] AppArmor: AppArmor initialized
[    4.747945] Dentry cache hash table entries: 131072 (order: 8, 1048576 bytes)
[    4.822893] Inode-cache hash table entries: 65536 (order: 7, 524288 bytes)
[    4.859712] Mount-cache hash table entries: 2048 (order: 2, 16384 bytes)
[    4.871670] Mountpoint-cache hash table entries: 2048 (order: 2, 16384 bytes)
[    4.896461] Initializing cgroup subsys io
[    4.927215] Initializing cgroup subsys memory
[    4.964262] Initializing cgroup subsys devices
[    4.983931] Initializing cgroup subsys freezer
[    5.038642] Initializing cgroup subsys net_cls
[    5.060452] Initializing cgroup subsys perf_event
[    5.076646] Initializing cgroup subsys net_prio
[    5.078044] Initializing cgroup subsys hugetlb
[    5.120260] Initializing cgroup subsys pids
[    5.170405] CPU: Physical Processor ID: 0
[    5.200910] CPU: Processor Core ID: 0
[    5.240338] mce: CPU supports 0 MCE banks
[    5.271759] Last level iTLB entries: 4KB 64, 2MB 8, 4MB 8
[    5.312208] Last level dTLB entries: 4KB 64, 2MB 0, 4MB 0, 1GB 4
[    5.371850] Freeing SMP alternatives memory: 32K (ffffffff820ba000 - ffffffff820c2000)
[    5.427974] ftrace: allocating 32136 entries in 126 pages
[    5.545373] smpboot: APIC(0) Converting physical 0 to logical package 0
[    5.605803] smpboot: Max logical packages: 1
[    5.667139] x2apic enabled
[    5.678114] Switched APIC routing to physical x2apic.
[    5.715019] ..TIMER: vector=0x30 apic1=0 pin1=2 apic2=-1 pin2=-1
[    5.865915] smpboot: CPU0: Intel(R) Core(TM) i5-5250U CPU @ 1.60GHz (family: 0x6, model: 0x3d, stepping: 0x4)
[    5.963802] Performance Events: unsupported p6 CPU model 61 no PMU driver, software events only.
[    5.981388] KVM setup paravirtual spinlock
[    5.989801] x86: Booting SMP configuration:
[    6.011163] .... node  #0, CPUs:      #1
[    6.018985] kvm-clock: cpu 1, msr 0:3ffe3041, secondary cpu clock
[    6.062660] mce: CPU supports 0 MCE banks
[    6.094538] x86: Booted up 1 node, 2 CPUs
[    6.106665] smpboot: Total of 2 processors activated (6399.99 BogoMIPS)
[    6.133653] devtmpfs: initialized
[    6.146299] evm: security.selinux
[    6.150830] evm: security.SMACK64
[    6.154725] evm: security.SMACK64EXEC
[    6.186564] evm: security.SMACK64TRANSMUTE
[    6.196816] evm: security.SMACK64MMAP
[    6.231036] evm: security.ima
[    6.233416] evm: security.capability
[    6.249808] clocksource: jiffies: mask: 0xffffffff max_cycles: 0xffffffff, max_idle_ns: 7645041785100000 ns
[    6.269998] futex hash table entries: 512 (order: 3, 32768 bytes)
[    6.273146] pinctrl core: initialized pinctrl subsystem
[    6.279267] RTC time: 16:31:48, date: 09/13/17
[    6.283957] NET: Registered protocol family 16
[    6.326523] cpuidle: using governor ladder
[    6.358282] cpuidle: using governor menu
[    6.382011] PCCT header not found.
[    6.431289] ACPI: bus type PCI registered
[    6.477916] acpiphp: ACPI Hot Plug PCI Controller Driver version: 0.5
[    6.519475] PCI: Using configuration type 1 for base access
[    6.543629] ACPI: Added _OSI(Module Device)
[    6.549322] ACPI: Added _OSI(Processor Device)
[    6.579127] ACPI: Added _OSI(3.0 _SCP Extensions)
[    6.587370] ACPI: Added _OSI(Processor Aggregator Device)
[    6.607639] ACPI: Executed 1 blocks of module-level executable AML code
[    6.685862] ACPI: Interpreter enabled
[    6.704520] ACPI: (supports S0 S5)
[    6.715377] ACPI: Using IOAPIC for interrupt routing
[    6.727938] PCI: Using host bridge windows from ACPI; if necessary, use "pci=nocrs" and report a bug
[    6.786940] ACPI: PCI Root Bridge [PCI0] (domain 0000 [bus 00-ff])
[    6.842469] acpi PNP0A03:00: _OSC: OS supports [ASPM ClockPM Segments MSI]
[    6.899971] acpi PNP0A03:00: _OSC failed (AE_NOT_FOUND); disabling ASPM
[    6.972179] acpi PNP0A03:00: fail to add MMCONFIG information, can't access extended PCI configuration space under this bridge.
[    7.044698] PCI host bridge to bus 0000:00
[    7.077481] pci_bus 0000:00: root bus resource [io  0x0000-0x0cf7 window]
[    7.135727] pci_bus 0000:00: root bus resource [io  0x0d00-0xffff window]
[    7.171549] pci_bus 0000:00: root bus resource [mem 0x000a0000-0x000bffff window]
[    7.173690] pci_bus 0000:00: root bus resource [mem 0x40000000-0xffdfffff window]
[    7.189562] pci_bus 0000:00: root bus resource [bus 00-ff]
[    7.241169] pci 0000:00:01.1: legacy IDE quirk: reg 0x10: [io  0x01f0-0x01f7]
[    7.276223] pci 0000:00:01.1: legacy IDE quirk: reg 0x14: [io  0x03f6]
[    7.282996] pci 0000:00:01.1: legacy IDE quirk: reg 0x18: [io  0x0170-0x0177]
[    7.284913] pci 0000:00:01.1: legacy IDE quirk: reg 0x1c: [io  0x0376]
[    7.326583] pci 0000:00:07.0: quirk: [io  0x4000-0x403f] claimed by PIIX4 ACPI
[    7.341091] pci 0000:00:07.0: quirk: [io  0x4100-0x410f] claimed by PIIX4 SMB
[    7.359218] ACPI: PCI Interrupt Link [LNKA] (IRQs 5 9 10 *11)
[    7.415058] ACPI: PCI Interrupt Link [LNKB] (IRQs 5 9 10 *11)
[    7.422271] ACPI: PCI Interrupt Link [LNKC] (IRQs 5 9 *10 11)
[    7.424198] ACPI: PCI Interrupt Link [LNKD] (IRQs 5 *9 10 11)
[    7.449293] ACPI: Enabled 2 GPEs in block 00 to 07
[    7.452344] vgaarb: setting as boot device: PCI:0000:00:02.0
[    7.470920] vgaarb: device added: PCI:0000:00:02.0,decodes=io+mem,owns=io+mem,locks=none
[    7.503296] vgaarb: loaded
[    7.504176] vgaarb: bridge control possible 0000:00:02.0
[    7.517990] SCSI subsystem initialized
[    7.557175] ACPI: bus type USB registered
[    7.559384] usbcore: registered new interface driver usbfs
[    7.583188] usbcore: registered new interface driver hub
[    7.616751] usbcore: registered new device driver usb
[    7.619889] PCI: Using ACPI for IRQ routing
[    7.623551] NetLabel: Initializing
[    7.624513] NetLabel:  domain hash size = 128
[    7.658059] NetLabel:  protocols = UNLABELED CIPSOv4
[    7.659570] NetLabel:  unlabeled traffic allowed by default
[    7.689293] amd_nb: Cannot enumerate AMD northbridges
[    7.692262] clocksource: Switched to clocksource kvm-clock
[    7.739671] AppArmor: AppArmor Filesystem Enabled
[    7.835100] pnp: PnP ACPI init
[    7.867356] pnp: PnP ACPI: found 3 devices
[    7.910808] clocksource: acpi_pm: mask: 0xffffff max_cycles: 0xffffff, max_idle_ns: 2085701024 ns
[    7.974610] NET: Registered protocol family 2
[    8.066867] TCP established hash table entries: 8192 (order: 4, 65536 bytes)
[    8.106658] TCP bind hash table entries: 8192 (order: 5, 131072 bytes)
[    8.174756] TCP: Hash tables configured (established 8192 bind 8192)
[    8.269064] UDP hash table entries: 512 (order: 2, 16384 bytes)
[    8.326746] UDP-Lite hash table entries: 512 (order: 2, 16384 bytes)
[    8.399662] NET: Registered protocol family 1
[    8.432600] pci 0000:00:00.0: Limiting direct PCI/PCI transfers
[    8.517505] pci 0000:00:01.0: Activating ISA DMA hang workarounds
[    8.547721] Unpacking initramfs...
[   10.796274] Freeing initrd memory: 10840K (ffff880036ac4000 - ffff88003755a000)
[   10.840241] RAPL PMU detected, API unit is 2^-32 Joules, 4 fixed counters 10737418240 ms ovfl timer
[   10.881436] hw unit of domain pp0-core 2^-0 Joules
[   10.940663] hw unit of domain package 2^-0 Joules
[   10.983456] hw unit of domain dram 2^-0 Joules
[   11.029418] hw unit of domain pp1-gpu 2^-0 Joules
[   11.065567] platform rtc_cmos: registered platform RTC device (no PNP device found)
[   11.189507] Scanning for low memory corruption every 60 seconds
[   11.249032] audit: initializing netlink subsys (disabled)
[   11.317605] audit: type=2000 audit(1505320311.123:1): initialized
[   11.399263] Initialise system trusted keyring
[   11.441674] HugeTLB registered 2 MB page size, pre-allocated 0 pages
[   11.469498] zbud: loaded
[   11.535059] VFS: Disk quotas dquot_6.6.0
[   11.616520] VFS: Dquot-cache hash table entries: 512 (order 0, 4096 bytes)
[   11.683433] squashfs: version 4.0 (2009/01/31) Phillip Lougher
[   11.747049] fuse init (API version 7.23)
[   11.754058] Key type big_key registered
[   11.796001] Allocating IMA MOK and blacklist keyrings.
[   11.813000] Key type asymmetric registered
[   11.818990] Asymmetric key parser 'x509' registered
[   11.829336] Block layer SCSI generic (bsg) driver version 0.4 loaded (major 249)
[   11.873040] io scheduler noop registered
[   11.874432] io scheduler deadline registered (default)
[   11.876080] io scheduler cfq registered
[   11.886541] pci_hotplug: PCI Hot Plug PCI Core version: 0.5
[   11.909302] pciehp: PCI Express Hot Plug Controller Driver version: 0.4
[   11.956527] ACPI: AC Adapter [AC] (off-line)
[   11.970075] input: Power Button as /devices/LNXSYSTM:00/LNXPWRBN:00/input/input0
[   11.972678] ACPI: Power Button [PWRF]
[   11.981760] input: Sleep Button as /devices/LNXSYSTM:00/LNXSLPBN:00/input/input1
[   11.987738] ACPI: Sleep Button [SLPF]
[   12.007366] GHES: HEST is not enabled!
[   12.008469] ACPI: Battery Slot [BAT0] (battery present)
[   12.064570] tsc: Refined TSC clocksource calibration: 1600.146 MHz
[   12.064573] clocksource: tsc: mask: 0xffffffffffffffff max_cycles: 0x1710aee6fd1, max_idle_ns: 440795230213 ns
[   12.213296] Serial: 8250/16550 driver, 32 ports, IRQ sharing enabled
ÿ[   12.287026] 00:02: ttyS0 at I/O 0x3f8 (irq = 4, base_baud = 115200) is a 16550A
[   12.332348] Linux agpgart interface v0.103
[   12.410556] loop: module loaded
[   12.460088] scsi host0: ata_piix
[   12.497486] scsi host1: ata_piix
[   12.541347] ata1: PATA max UDMA/33 cmd 0x1f0 ctl 0x3f6 bmdma 0xd000 irq 14
[   12.614931] ata2: PATA max UDMA/33 cmd 0x170 ctl 0x376 bmdma 0xd008 irq 15
[   12.633549] libphy: Fixed MDIO Bus: probed
[   12.634697] tun: Universal TUN/TAP device driver, 1.6
[   12.635995] tun: (C) 1999-2004 Max Krasnyansky <maxk@qualcomm.com>
[   12.688100] PPP generic driver version 2.4.2
[   12.739077] ehci_hcd: USB 2.0 'Enhanced' Host Controller (EHCI) Driver
[   12.784230] ehci-pci: EHCI PCI platform driver
[   12.785611] ehci-platform: EHCI generic platform driver
[   12.787061] ohci_hcd: USB 1.1 'Open' Host Controller (OHCI) Driver
[   12.803160] ohci-pci: OHCI PCI platform driver
[   12.817608] ohci-platform: OHCI generic platform driver
[   12.839632] uhci_hcd: USB Universal Host Controller Interface driver
[   12.854014] i8042: PNP: PS/2 Controller [PNP0303:PS2K,PNP0f03:PS2M] at 0x60,0x64 irq 1,12
[   12.879829] serio: i8042 KBD port at 0x60,0x64 irq 1
[   12.929392] serio: i8042 AUX port at 0x60,0x64 irq 12
[   13.015395] mousedev: PS/2 mouse device common for all mice
[   13.064699] input: AT Translated Set 2 keyboard as /devices/platform/i8042/serio0/input/input2
[   13.098986] rtc_cmos rtc_cmos: rtc core: registered rtc_cmos as rtc0
[   13.141683] rtc_cmos rtc_cmos: alarms up to one day, 114 bytes nvram
[   13.145470] i2c /dev entries driver
[   13.152740] device-mapper: uevent: version 1.0.3
[   13.169838] device-mapper: ioctl: 4.34.0-ioctl (2015-10-28) initialised: dm-devel@redhat.com
[   13.177829] ledtrig-cpu: registered to indicate activity on CPUs
[   13.187032] NET: Registered protocol family 10
[   13.190005] NET: Registered protocol family 17
[   13.194309] Key type dns_resolver registered
[   13.210889] microcode: CPU0 sig=0x306d4, pf=0x40, revision=0x0
[   13.217362] microcode: CPU1 sig=0x306d4, pf=0x40, revision=0x0
[   13.227991] microcode: Microcode Update Driver: v2.01 <tigran@aivazian.fsnet.co.uk>, Peter Oruba
[   13.328458] registered taskstats version 1
[   13.359542] Loading compiled-in X.509 certificates
[   13.370744] Loaded X.509 cert 'Build time autogenerated kernel key: a6f98c496ad22cf23b77f8fe21ff88c41791cbd4'
[   13.413716] zswap: loaded using pool lzo/zbud
[   13.430618] Key type trusted registered
[   13.463073] Key type encrypted registered
[   13.489818] AppArmor: AppArmor sha1 policy hashing enabled
[   13.529900] ima: No TPM chip found, activating TPM-bypass!
[   13.549389] evm: HMAC attrs: 0x1
[   13.569440]   Magic number: 1:171:540
[   13.595825]  node: hash matches
[   13.605282] rtc_cmos rtc_cmos: setting system clock to 2017-09-13 16:31:55 UTC (1505320315)
[   13.681606] BIOS EDD facility v0.16 2004-Jun-25, 0 devices found
[   13.685114] EDD information not available.
[   13.692005] Freeing unused kernel memory: 1492K (ffffffff81f45000 - ffffffff820ba000)
[   13.732338] Write protecting the kernel read-only data: 14336k
[   13.765742] Freeing unused kernel memory: 1748K (ffff88000184b000 - ffff880001a00000)
[   13.879360] Freeing unused kernel memory: 112K (ffff880001de4000 - ffff880001e00000)
Loading, please wait...
startin[   13.965541] random: systemd-udevd: uninitialized urandom read (16 bytes read, 7 bits of entropy available)
g version 229
[   13.966576] random: udevadm: uninitialized urandom read (16 bytes read, 7 bits of entropy available)
[   13.966615] random: udevadm: uninitialized urandom read (16 bytes read, 7 bits of entropy available)
[   13.966732] random: udevadm: uninitialized urandom read (16 bytes read, 7 bits of entropy available)
[   13.966774] random: udevadm: uninitialized urandom read (16 bytes read, 7 bits of entropy available)
[   13.966815] random: udevadm: uninitialized urandom read (16 bytes read, 7 bits of entropy available)
[   13.966857] random: udevadm: uninitialized urandom read (16 bytes read, 7 bits of entropy available)
[   13.966897] random: udevadm: uninitialized urandom read (16 bytes read, 7 bits of entropy available)
[   13.966951] random: udevadm: uninitialized urandom read (16 bytes read, 7 bits of entropy available)
[   13.966991] random: udevadm: uninitialized urandom read (16 bytes read, 7 bits of entropy available)
[   14.426507] e1000: Intel(R) PRO/1000 Network Driver - version 7.3.21-k8-NAPI
[   14.432303] e1000: Copyright (c) 1999-2006 Intel Corporation.
[   14.508791] Fusion MPT base driver 3.04.20
[   14.513475] Copyright (c) 1999-2008 LSI Corporation
[   14.537804] Fusion MPT SPI Host driver 3.04.20
[   14.579218] AVX version of gcm_enc/dec engaged.
[   14.587016] AES CTR mode by8 optimization enabled
[   14.708457] input: ImExPS/2 Generic Explorer Mouse as /devices/platform/i8042/serio1/input/input4
[   14.920468] e1000 0000:00:03.0 eth0: (PCI:33MHz:32-bit) 02:04:e4:df:e4:d8
[   14.958402] e1000 0000:00:03.0 eth0: Intel(R) PRO/1000 Network Connection
[   15.397953] e1000 0000:00:08.0 eth1: (PCI:33MHz:32-bit) 08:00:27:b5:63:d0
[   15.447178] e1000 0000:00:08.0 eth1: Intel(R) PRO/1000 Network Connection
[   15.523872] e1000 0000:00:03.0 enp0s3: renamed from eth0
[   15.579524] mptbase: ioc0: Initiating bringup
[   15.601211] e1000 0000:00:08.0 enp0s8: renamed from eth1
[   15.685016] ioc0: LSI53C1030 A0: Capabilities={Initiator}
[   15.921502] scsi host2: ioc0: LSI53C1030 A0, FwRev=00000000h, Ports=1, MaxQ=256, IRQ=20
[   16.098147] scsi 2:0:0:0: Direct-Access     VBOX     HARDDISK         1.0  PQ: 0 ANSI: 5
[   16.136970] scsi target2:0:0: Beginning Domain Validation
[   16.179037] scsi target2:0:0: Domain Validation skipping write tests
[   16.254107] scsi target2:0:0: Ending Domain Validation
[   16.308609] scsi target2:0:0: asynchronous
[   16.338264] scsi 2:0:1:0: Direct-Access     VBOX     HARDDISK         1.0  PQ: 0 ANSI: 5
[   16.489345] scsi target2:0:1: Beginning Domain Validation
[   16.491796] scsi target2:0:1: Domain Validation skipping write tests
[   16.493612] scsi target2:0:1: Ending Domain Validation
[   16.543459] scsi target2:0:1: asynchronous
[   16.589588] sd 2:0:0:0: [sda] 20971520 512-byte logical blocks: (10.7 GB/10.0 GiB)
[   16.589752] sd 2:0:0:0: Attached scsi generic sg0 type 0
[   16.650563] sd 2:0:0:0: [sda] Write Protect is off
[   16.651109] sd 2:0:1:0: [sdb] 20480 512-byte logical blocks: (10.5 MB/10.0 MiB)
[   16.651336] sd 2:0:1:0: [sdb] Write Protect is off
[   16.651534] sd 2:0:1:0: [sdb] Incomplete mode parameter data
[   16.651536] sd 2:0:1:0: [sdb] Assuming drive cache: write through
[   16.665059] sd 2:0:1:0: Attached scsi generic sg1 type 0
[   16.667028] sd 2:0:1:0: [sdb] Attached SCSI disk
[   16.790365] sd 2:0:0:0: [sda] Incomplete mode parameter data
[   16.838743] sd 2:0:0:0: [sda] Assuming drive cache: write through
[   16.866439]  sda: sda1
[   16.891017] sd 2:0:0:0: [sda] Attached SCSI disk
[   17.536504] floppy0: no floppy controllers found
[   17.632791] work still pending
Begin: Loading e[   19.090812] md: linear personality registered for level -1
ssential drivers ... [   19.133595] md: multipath personality registered for level -4
[   19.177495] md: raid0 personality registered for level 0
[   19.242093] md: raid1 personality registered for level 1
[   19.376848] raid6: sse2x1   gen()  7069 MB/s
[   19.476855] raid6: sse2x1   xor()  5391 MB/s
[   19.572451] raid6: sse2x2   gen()  9524 MB/s
[   19.676803] raid6: sse2x2   xor()  6335 MB/s
[   19.808398] raid6: sse2x4   gen()  9365 MB/s
[   19.940392] raid6: sse2x4   xor()  6369 MB/s
[   19.980906] raid6: using algorithm sse2x2 gen() 9524 MB/s
[   20.038319] raid6: .... xor() 6335 MB/s, rmw enabled
[   20.100690] raid6: using ssse3x2 recovery algorithm
[   20.150802] xor: automatically using best checksumming function:
[   20.248907]    avx       : 27643.000 MB/sec
[   20.309135] async_tx: api initialized (async)
[   20.367436] md: raid6 personality registered for level 6
[   20.401549] md: raid5 personality registered for level 5
[   20.439892] md: raid4 personality registered for level 4
[   20.494766] md: raid10 personality registered for level 10
done.
Begin: Running /scripts/init-premount ... done.
Begin: Mounting root file system ... Begin: R[   20.553337] Btrfs loaded
unning /scripts/local-top ... done.
Begin: Running /scripts/local-premount ... Scanning for Btrfs filesystems
done.
Warning: fsck no[   20.647417] EXT4-fs (sda1): mounted filesystem with ordered data mode. Opts: (null)
t present, so skipping root file system
done.
Begin: Running /scripts/local-bottom ... done.
Begin: Running /scripts/init-bottom ... done.
[   20.792443] systemd[1]: systemd 229 running in system mode. (+PAM +AUDIT +SELINUX +IMA +APPARMOR +SMACK +SYSVINIT +UTMP +LIBCRYPTSETUP +GCRYPT +GNUTLS +ACL +XZ -LZ4 +SECCOMP +BLKID +ELFUTILS +KMOD -IDN)
[   20.935453] systemd[1]: Detected virtualization oracle.
[   20.952941] systemd[1]: Detected architecture x86-64.

Welcome to [1mUbuntu 16.04.3 LTS[0m!

[   20.988963] systemd[1]: Set hostname to <ubuntu>.
[   21.015265] systemd[1]: Initializing machine ID from random generator.
[   21.080196] systemd[1]: Installed transient /etc/machine-id file.
[   21.287422] systemd[1]: Listening on Journal Audit Socket.
[[0;32m  OK  [0m] Listening on Journal Audit Socket.
[   21.392716] systemd[1]: Listening on LVM2 metadata daemon socket.
[[0;32m  OK  [0m] Listening on LVM2 metadata daemon socket.
[   21.488903] systemd[1]: Reached target Swap.
[[0;32m  OK  [0m] Reached target Swap.
[   21.529019] systemd[1]: Reached target User and Group Name Lookups.
[[0;32m  OK  [0m] Reached target User and Group Name Lookups.
[   21.589339] systemd[1]: Listening on Syslog Socket.
[[0;32m  OK  [0m] Listening on Syslog Socket.
[   21.646391] systemd[1]: Listening on Journal Socket (/dev/log).
[[0;32m  OK  [0m] Listening on Journal Socket (/dev/log).
[   21.697526] systemd[1]: Listening on Journal Socket.
[[0;32m  OK  [0m] Listening on Journal Socket.
[   21.741065] systemd[1]: Listening on Device-mapper event daemon FIFOs.
[[0;32m  OK  [0m] Listening on Device-mapper event daemon FIFOs.
[   21.817667] systemd[1]: Started Trigger resolvconf update for networkd DNS.
[[0;32m  OK  [0m] Started Trigger resolvconf update for networkd DNS.
[   21.913348] systemd[1]: Listening on udev Control Socket.
[[0;32m  OK  [0m] Listening on udev Control Socket.
[   21.988786] systemd[1]: Listening on LVM2 poll daemon socket.
[[0;32m  OK  [0m] Listening on LVM2 poll daemon socket.
[   22.084777] systemd[1]: Listening on udev Kernel Socket.
[[0;32m  OK  [0m] Listening on udev Kernel Socket.
[   22.121411] systemd[1]: Created slice User and Session Slice.
[[0;32m  OK  [0m] Created slice User and Session Slice.
[   22.152992] systemd[1]: Started Forward Password Requests to Wall Directory Watch.
[[0;32m  OK  [0m] Started Forward Password Requests to Wall Directory Watch.
[   22.221051] systemd[1]: Reached target Encrypted Volumes.
[[0;32m  OK  [0m] Reached target Encrypted Volumes.
[   22.297503] systemd[1]: Created slice System Slice.
[[0;32m  OK  [0m] Created slice System Slice.[   22.363283] random: nonblocking pool is initialized

[   22.457232] systemd[1]: Starting Load Kernel Modules...
[   22.470919] Loading iSCSI transport class v2.0-870.
         Starting Load Kernel Modules...
[   22.521841] iscsi: registered transport (tcp)
[   22.583664] systemd[1]: Mounting POSIX Message Queue File System...
         Mounting POSIX Message Queue File System...
[   22.608982] iscsi: registered transport (iser)
[   22.640654] systemd[1]: Starting Journal Service...
         Starting Journal Service...
[   22.693440] systemd[1]: Starting Monitoring of LVM2 mirrors, snapshots etc. using dmeventd or progress polling...
         Starting Monitoring of LVM2 mirrors... dmeventd or progress polling...
[   22.828780] systemd[1]: Mounting Debug File System...
         Mounting Debug File System...
[   22.945453] systemd[1]: Starting Remount Root and Kernel File Systems...
[   22.950519] EXT4-fs (sda1): re-mounted. Opts: (null)
         Starting Remount Root and Kernel File Systems...
[   23.064644] systemd[1]: Starting Set console keymap...
         Starting Set console keymap...
[   23.140771] systemd[1]: Reached target Slices.
[[0;32m  OK  [0m] Reached target Slices.
[   23.204559] systemd[1]: Starting Nameserver information manager...
         Starting Nameserver information manager...
[   23.233842] systemd[1]: Mounting Huge Pages File System...
         Mounting Huge Pages File System...
[   23.257764] systemd[1]: Listening on /dev/initctl Compatibility Named Pipe.
[[0;32m  OK  [0m] Listening on /dev/initctl Compatibility Named Pipe.
[   23.297099] systemd[1]: Starting Uncomplicated firewall...
         Starting Uncomplicated firewall...
[   23.381014] systemd[1]: Starting Create list of required static device nodes for the current kernel...
         Starting Create list of required st... nodes for the current kernel...
[   23.422196] systemd[1]: Created slice system-serial\x2dgetty.slice.
[[0;32m  OK  [0m] Created slice system-serial\x2dgetty.slice.
[   23.488612] systemd[1]: Set up automount Arbitrary Executable File Formats File System Automount Point.
[[0;32m  OK  [0m] Set up automount Arbitrary Executab...ats File System Automount Point.
[   23.534482] systemd[1]: Mounted Huge Pages File System.
[[0;32m  OK  [0m] Mounted Huge Pages File System.
[   23.597892] systemd[1]: Mounted POSIX Message Queue File System.
[[0;32m  OK  [0m] Mounted POSIX Message Queue File System.
[   23.625800] systemd[1]: Mounted Debug File System.
[[0;32m  OK  [0m] Mounted Debug File System.
[   23.693333] systemd[1]: Started Journal Service.
[[0;32m  OK  [0m] Started Journal Service.
[[0;32m  OK  [0m] Started Load Kernel Modules.
[[0;32m  OK  [0m] Started Remount Root and Kernel File Systems.
[[0;32m  OK  [0m] Started Set console keymap.
[[0;32m  OK  [0m] Started Uncomplicated firewall.
[[0;32m  OK  [0m] Started Create list of required sta...ce nodes for the current kernel.
[[0;32m  OK  [0m] Started Nameserver information manager.
[[0;32m  OK  [0m] Started LVM2 metadata daemon.
         Starting Create Static Device Nodes in /dev...
         Starting Initial cloud-init job (pre-networking)...
         Starting udev Coldplug all Devices...
         Starting Load/Save Random Seed...
         Starting Apply Kernel Variables...
         Mounting FUSE Control File System...
         Starting Flush Journal to Persistent Storage...
[[0;32m  OK  [0m] Mounted FUSE Control File System.
[[0;32m  OK  [0m] Started Create Static Device Nodes in /dev.
[[0;32m  OK  [0m] Started Load/Save Random Seed.
[[0;32m  OK  [0m] Started Apply Kernel Variables.
[[0;32m  OK  [0m] Started Monitoring of LVM2 mirrors,...ng dmeventd or progress polling.
[[0;32m  OK  [0m] Started udev Coldplug all Devices.
[[0;32m  OK  [0m] Started Flush Journal to Persistent Storage.
         Starting udev Kernel Device Manager...
[[0;32m  OK  [0m] Started udev Kernel Device Manager.
[[0;32m  OK  [0m] Reached target Local File Systems (Pre).
[[0;32m  OK  [0m] Reached target Local File Systems.
         Starting Set console font and keymap...
         Starting Commit a transient machine-id on disk...
         Starting Create Volatile Files and Directories...
         Starting LSB: AppArmor initialization...
         Starting Tell Plymouth To Write Out Runtime Data...
[[0;32m  OK  [0m] Started Dispatch Password Requests to Console Directory Watch.
[   18.143682] cloud-init[438]: Cloud-init v. 0.7.9 running 'init-local' at Wed, 13 Sep 2017 16:32:06 +0000. Up 17.75 seconds.
[[0;32m  OK  [0m] Started Commit a transient machine-id on disk.
[[0;32m  OK  [0m] Started Set console font and keymap.
[[0;32m  OK  [0m] Started Create Volatile Files and Directories.
[[0;32m  OK  [0m] Started Tell Plymouth To Write Out Runtime Data.
[[0;32m  OK  [0m] Started Initial cloud-init job (pre-networking).
[[0;32m  OK  [0m] Found device /dev/ttyS0.
[[0;32m  OK  [0m] Listening on Load/Save RF Kill Switch Status /dev/rfkill Watch.
[[0;32m  OK  [0m] Reached target Network (Pre).
         Starting Update UTMP about System Boot/Shutdown...
[[0;32m  OK  [0m] Reached target System Time Synchronized.
[[0;32m  OK  [0m] Created slice system-getty.slice.
[[0;32m  OK  [0m] Started Update UTMP about System Boot/Shutdown.
[[0;32m  OK  [0m] Started LSB: AppArmor initialization.
         Starting Raise network interfaces...
[[0;32m  OK  [0m] Started Raise network interfaces.
[[0;32m  OK  [0m] Reached target Network.
         Starting Initial cloud-init job (metadata service crawler)...
[   22.739762] cloud-init[939]: Cloud-init v. 0.7.9 running 'init' at Wed, 13 Sep 2017 16:32:10 +0000. Up 21.72 seconds.
[   22.761671] cloud-init[939]: ci-info: +++++++++++++++++++++++++++++++++++++Net device info++++++++++++++++++++++++++++++++++++++
[   22.775984] cloud-init[939]: ci-info: +--------+-------+---------------------------+---------------+-------+-------------------+
[   22.812506] cloud-init[939]: ci-info: | Device |   Up  |          Address          |      Mask     | Scope |     Hw-Address    |
[   22.834214] [cloud-init[0;32m  OK  [0m[939]: ] ci-info: +--------+-------+---------------------------+---------------+-------+-------------------+Started Initial cloud-init job (metadata service crawler).

[   22.834909] cloud-init[939]: ci-info: | enp0s8 | False |             .             |       .       |   .   | 08:00:27:b5:63:d0 |
[   22.864582] [[0;32m  OK  [0m] Reached target Cloud-config availability.
[[0;32m  OK  [0m] Reached target System Initialization.
cloud-init[939]: ci-info: |   lo   |  True |         127.0.0.1         |   255.0.0.0   |   .   |         .         |
[[0;32m  OK  [0m] Started ACPI Events Check.
[   22.912754] cloud-init[939]: ci-info: |   lo   |  True |          ::1/128          |       .       |  host |         .         |
[   22.953636] [[0;32m  OK  [0m] Reached target Paths.
cloud-init[939]: ci-info: | enp0s3 |  True |         10.0.2.15         | 255.255.255.0 |   .   | 02:04:e4:df:e4:d8 |
[   22.981088]          Starting LXD - unix socket.
cloud-init[939]: ci-info: | enp0s3 |  True | fe80::4:e4ff:fedf:e4d8/64 |       .       |  link | 02:04:e4:df:e4:d8 |
         Starting Socket activation for snappy daemon.
[[0;32m  OK  [0m] Listening on ACPID Listen Socket.
[[0;32m  OK  [0m] Started Daily Cleanup of Temporary Directories.
[   23.007333] cloud-init[939]: ci-info: +--------+-------+---------------------------+---------------+-------+-------------------+
[   23.098115] [cloud-init[0;32m  OK  [0m[939]: ci-info: +++++++++++++++++++++++++++Route IPv4 info++++++++++++++++++++++++++++
] Started Timer to automatically refresh installed snaps.
[[0;32m  OK  [0m] Listening on UUID daemon activation socket.
[[0;32m  OK  [0m] Listening on D-Bus System Message Bus Socket.
[[0;32m  OK  [0m] Reached target Network is Online.
[[0;32m  OK  [0m] Started Daily apt download activities.
[[0;32m  OK  [0m] Started Daily apt upgrade and clean activities.
[   23.099003] cloud-init[939]: ci-info: +-------+-------------+----------+---------------+-----------+-------+
[   23.276849] cloud-init[939]: ci-info: | Route | Destination | Gateway  |    Genmask    | Interface | Flags |
[[0;32m  OK  [0m] Reached target Timers.
[   23.277747] cloud-init[939]: ci-info: +-------+-------------+----------+---------------+-----------+-------+
[   23.349579]          cloud-initStarting iSCSI initiator daemon (iscsid)...[939]: 
ci-info: |   0   |   0.0.0.0   | 10.0.2.2 |    0.0.0.0    |   enp0s3  |   UG  |
[[0;32m  OK  [0m] Listening on LXD - unix socket.
[   23.380751] cloud-init[939]: ci-info: |   1   |   10.0.2.0  | 0.0.0.0  | 255.255.255.0 |   enp0s3  |   U   |
[   23.424837] [cloud-init[0;32m  OK  [0m[939]: ] ci-info: +-------+-------------+----------+---------------+-----------+-------+Listening on Socket activation for snappy daemon.

[   23.426322] cloud-init[939]: Generating public/private rsa key pair.
[   23.576325] cloud-init[939]: Your identification has been saved in /etc/ssh/ssh_host_rsa_key.
[   23.576826] cloud-init[939]: Your public key has been saved in /etc/ssh/ssh_host_rsa_key.pub.
[[0;32m  OK  [0m] Started iSCSI initiator daemon (iscsid).
[   23.577119] cloud-init[939]: The key fingerprint is:
[   23.700517] cloud-init[939]: SHA256:zmDKB3yRMzX/l7Sl5KvcIoieUnI9Lr21cAf7HCizoXM root@ubuntu-xenial
[   23.701147] cloud-init[939]: The key's randomart image is:
         Starting Login to default iSCSI targets...
[[   23.701602] cloud-init[939]: +---[RSA 2048]----+
[   23.801350] cloud-init[939]: |        o        |
[0;32m  OK  [0m] Reached target Sockets.
[   23.801540] cloud-init[939]: |       o o       |
[   23.871674] cloud-init[939]: |      =   .   o .|
[[0;32m  OK  [0m] Reached target Basic System.
[   23.871913] cloud-init[939]: |   .   +   . + = |
[   23.985101] cloud-init[939]: |    o +.S . . *  |
[   23.985679] cloud-init[939]: |   ..=o+o  + . . |
[[0;32m  OK  [0m] Started Regular background program processing daemon.
[   23.985948] cloud-init[939]: |    o+.+Bo= o .  |
[   24.080407] cloud-init[939]: |    ..+oEO.*.+   |
         [   24.080928] Starting /etc/rc.local Compatibility...cloud-init
[939]: |     o++o...=..  |
         [   24.136535] Starting System Logging Service...cloud-init
[939]: +----[SHA256]-----+
[   24.176860] cloud-init[939]: Generating public/private dsa key pair.
[   24.177205] cloud-init[939]: Your identification has been saved in /etc/ssh/ssh_host_dsa_key.
         Starting LXD - container startup/shutdown...
[   24.177475] cloud-init[939]: Your public key has been saved in /etc/ssh/ssh_host_dsa_key.pub.
         Starting LSB: MD monitoring daemon...
[   24.340270] cloud-init[939]: The key fingerprint is:
[   24.366164] cloud-init[939]: SHA256:Lo9Mic8ZITKi2Ggf6jY72ISq8aKRd5r7PbabY0lWsQY root@ubuntu-xenial
[[0;32m  OK  [0m] Started Snappy daemon.
[   24.386506] cloud-init[939]: The key's randomart image is:
[   24.422437]          cloud-initStarting Login Service...[939]: 
+---[DSA 1024]----+
[   24.437723]          Starting Auto import assertions from block devices...
cloud-init[939]: |                 |
[   24.452144] [cloud-init[0;32m  OK  [0m[939]: ] Started ACPI event daemon.
|      E .        |
         Starting Pollinate to seed the pseudo random number generator...
[   24.498306] cloud-init[939]: |       . o       |
[   24.517201]          Starting Apply the settings specified in cloud-config...
[[0;32m  OK  [0m] Started FUSE filesystem for LXC.
         Starting Accounts Service...
[[0;32m  OK  [0m] Started D-Bus System Message Bus.
cloud-init[939]: |        +        |
[   24.688513] cloud-init[939]: |..o . .oS        |
[   24.689209] cloud-init[939]: |+=.o oo+         |
         Starting LSB: Record successful boot for GRUB...
[   24.689484] cloud-init[939]: |X+o.oo=..        |
[   24.783008] cloud-init[939]: |=O++.**B         |
[[0;32m  OK  [0m] Started Unattended Upgrades Shutdown.
[   24.783197] cloud-init[939]: |B=O+.o@=.        |
[   24.941990] cloud-init[939]: +----[SHA256]-----+
[   25.000547] [cloud-init[0;32m  OK  [0m[939]: ] Generating public/private ecdsa key pair.Started Deferred execution scheduler.

[   25.001349] cloud-init[939]: Your identification has been saved in /etc/ssh/ssh_host_ecdsa_key.
[[0;32m  OK  [0m] Started System Logging Service.
[   25.187268] cloud-init[939]: Your public key has been saved in /etc/ssh/ssh_host_ecdsa_key.pub.
[[0;32m  OK  [0m] Started /etc/rc.local Compatibility.
[[0;32m  OK  [0m] Started LXD - container startup/shutdown.
[[0;32m  OK  [0m] Started Auto import assertions from block devices.
[[0;32m  OK  [0m] Started Pollinate to seed the pseudo random number generator.
[   25.322878] cloud-init[939]: The key fingerprint is:
[   25.576494] cloud-init[939]: SHA256:zYOg/3rfJJXHAZwSrBrHLIFzsKmZut3NCDC5XF5V0Rk root@ubuntu-xenial
[[0;32m  OK  [0m] Started Login to default iSCSI targets.
[   25.611104] cloud-init[939]: The key's randomart image is:
[   25.650747] cloud-init[939]: +---[ECDSA 256]---+
[   25.672301] cloud-init[939]: |    .o   ++E+.   |
[[0;32m  OK  [0m] Started LSB: MD monitoring daemon.
[   25.717126] cloud-init[939]: |    ooo . ooo.   |
[   25.804680] cloud-init[939]: |    oo.= . .  .  |
[   25.841268] cloud-init[939]: | . + .+.=+   o . |
[   25.857025] cloud-init[939]: |+ +... =S + o o  |
[[0;32m  OK  [0m] Started LSB: Record successful boot for GRUB.
[   25.882770] cloud-init[939]: |.=o ...    o .   |
[   25.894443] cloud-init[939]: |o...  .   . .    |
[   25.900881] cloud-init[939]: | o o + ..  +     |
[   25.919949] cloud-init[939]: |. . o +o... .    |
[[0;32m  OK  [0m] Started Login Service.
[   25.947231] cloud-init[939]: +----[SHA256]-----+
         Starting Authenticate and Authorize Users to Run Privileged Tasks...
[[0;32m  OK  [0m] Reached target Remote File Systems (Pre).
[[0;32m  OK  [0m] Reached target Remote File Systems.
[   26.010695] cloud-init[939]: Generating public/private ed25519 key pair.
[   26.108434] cloud-init[939]: Your identification has been saved in /etc/ssh/ssh_host_ed25519_key.
         Starting Permit User Sessions...
[   26.162017] cloud-init[939]: Your public key has been saved in /etc/ssh/ssh_host_ed25519_key.pub.
         Starting LSB: automatic crash report generation...
[   26.237238] cloud-init[939]: The key fingerprint is:
[   26.312552] cloud-init[939]: SHA256:2hFrDrJzM068G1hwtWf/YLnp/BFL+oUNrGaPahLzudM root@ubuntu-xenial
[   26.313005] cloud-init[939]: The key's randomart image is:
         Starting LSB: VirtualBox Linux Additions...
[   26.313198] cloud-init[939]: +--[ED25519 256]--+
         Starting LSB: Set the CPU Frequency Scaling governor to "ondemand"...
[   26.511852] cloud-init[939]: |        .        |
         Starting LSB: daemon to balance interrupts for SMP systems...
[   26.595596] cloud-init[939]: |       . .       |
[   26.711824] cloud-init[939]: |    . . o o      |
         Starting OpenBSD Secure Shell server...
[   26.744874] cloud-init[939]: |     o   = . o   |
[   26.769368] cloud-init[939]: |    . o S   = =  |
[[0;32m  OK  [0m] Started OpenBSD Secure Shell server.
[[0;32m  OK  [0m] Started Permit User Sessions.
[   26.791115] [cloud-init[0;32m  OK  [0m[939]: ] |     * *o. . O * |Started Authenticate and Authorize Users to Run Privileged Tasks.

[   26.818289] cloud-init[939]: |    + O o+ oB = o|
[   26.858291] [[0;32m  OK  [0m] Started Accounts Service.
cloud-init[939]: |     = =. ==E+ o |
[   26.862449] cloud-init[939]: |      +. oo++.+  |
[   26.925512] [cloud-init[0;32m  OK  [0m[939]: ] +----[SHA256]-----+Started LSB: automatic crash report generation.

[   26.936690] cloud-init[1090]: Generating locales (this might take a while)...
[[0;32m  OK  [0m] Started LSB: VirtualBox Linux Additions.
[   26.977822] cloud-init[1090]:   en_US.UTF-8... done
[[0;32m  OK  [0m] Started LSB: Set the CPU Frequency Scaling governor to "ondemand".
[[0;32m  OK  [0m] Started LSB: daemon to balance interrupts for SMP systems.
[   27.011480] cloud-init[1090]: Generation complete.
         Starting Terminate Plymouth Boot Screen...
         Starting Hold until boot process finishes up...
[[0;32m  OK  [0m] Started Terminate Plymouth Boot Screen.
[[0;32m  OK  [0m] Started Hold until boot process finishes up.
         Stopping OpenBSD Secure Shell server...
         Starting Set console scheme...
[[0;32m  OK  [0m] Started Getty on tty1.
[[0;32m  OK  [0m] Started Serial Getty on ttyS0.
[[0;32m  OK  [0m] Reached target Login Prompts.
[[0;32m  OK  [0m] Stopped OpenBSD Secure Shell server.
[[0;32m  OK  [0m] Started Set console scheme.
         Starting OpenBSD Secure Shell server...
[[0;32m  OK  [0m] Started OpenBSD Secure Shell server.
[[0;32m  OK  [0m] Reached target Multi-User System.
[[0;32m  OK  [0m] Reached target Graphical Interface.
         Starting Update UTMP about System Runlevel Changes...
[[0;32m  OK  [0m] Started Update UTMP about System Runlevel Changes.
[[0;32m  OK  [0m] Created slice User Slice of ubuntu.
         Starting User Manager for UID 1000...
[[0;32m  OK  [0m] Started Session 1 of user ubuntu.
[[0;32m  OK  [0m] Started User Manager for UID 1000.
[   27.780020] cloud-init[1090]: Cloud-init v. 0.7.9 running 'modules:config' at Wed, 13 Sep 2017 16:32:14 +0000. Up 25.14 seconds.
[[0;32m  OK  [0m] Started Apply the settings specified in cloud-config.
         Starting Execute cloud user/final scripts...
ci-info: no authorized ssh keys fingerprints found for user ubuntu.
<14>Sep 13 16:32:17 ec2: 
<14>Sep 13 16:32:17 ec2: #############################################################
<14>Sep 13 16:32:17 ec2: -----BEGIN SSH HOST KEY FINGERPRINTS-----
<14>Sep 13 16:32:17 ec2: 1024 SHA256:Lo9Mic8ZITKi2Ggf6jY72ISq8aKRd5r7PbabY0lWsQY root@ubuntu-xenial (DSA)
<14>Sep 13 16:32:17 ec2: 256 SHA256:zYOg/3rfJJXHAZwSrBrHLIFzsKmZut3NCDC5XF5V0Rk root@ubuntu-xenial (ECDSA)
<14>Sep 13 16:32:17 ec2: 256 SHA256:2hFrDrJzM068G1hwtWf/YLnp/BFL+oUNrGaPahLzudM root@ubuntu-xenial (ED25519)
<14>Sep 13 16:32:17 ec2: 2048 SHA256:zmDKB3yRMzX/l7Sl5KvcIoieUnI9Lr21cAf7HCizoXM root@ubuntu-xenial (RSA)
<14>Sep 13 16:32:17 ec2: -----END SSH HOST KEY FINGERPRINTS-----
<14>Sep 13 16:32:17 ec2: #############################################################
-----BEGIN SSH HOST KEY KEYS-----
ecdsa-sha2-nistp256 AAAAE2VjZHNhLXNoYTItbmlzdHAyNTYAAAAIbmlzdHAyNTYAAABBBM1qvUPMDNPschvS9aylp2VoxR6ZPCNal46B+2rWldgbLrmLoAEkAjySS0HUmA1EhQFhcUqUyTcwREzT5iwAGfs= root@ubuntu-xenial
ssh-ed25519 AAAAC3NzaC1lZDI1NTE5AAAAIHkVZwXYpjHPLUppq5iJYuBmel+Bj9xceXDRPWt+pVkA root@ubuntu-xenial
ssh-rsa AAAAB3NzaC1yc2EAAAADAQABAAABAQD9aqzBlhkJKaoLe24bFUluZAuuDRnkjfah9l7fNAC75iJ7twahbY979mqoaC/swIl7LTMdQZC7XqghFFr+H2RsZYYxKHNMg03tW+0bikwLwNmxwRyqL4H1MFzGRNz3Gmzt7/US0ib2m3wtk7F0UGzWZoI1wftZ/yaWFVSQv4IeyenTBLDSp/TI3y/QA0UnhUkDFBuIR3C689aefT8p5xp11dT6PKu0/R12w23ddZjXJ9hagbYaD2oPrmLrae52/VJBjy9yB9qRWk+hn+5f1oJSA+2gkw7D/jYPdVtzqiJUcHckE/y6U+eojgr622ytvmKYNXbhdwhpVihbs7Qsy9MZ root@ubuntu-xenial
-----END SSH HOST KEY KEYS-----
[   29.259142] cloud-init[1374]: Cloud-init v. 0.7.9 running 'modules:final' at Wed, 13 Sep 2017 16:32:17 +0000. Up 28.54 seconds.
[   29.299538] cloud-init[1374]: ci-info: no authorized ssh keys fingerprints found for user ubuntu.
[   29.332805] cloud-init[1374]: Cloud-init v. 0.7.9 finished at Wed, 13 Sep 2017 16:32:18 +0000. Datasource DataSourceNoCloud [seed=/dev/sdb][dsmode=net].  Up 29.23 seconds
[[0;32m  OK  [0m] Started Execute cloud user/final scripts.
[[0;32m  OK  [0m] Reached target Cloud-init target.

Ubuntu 16.04.3 LTS ubuntu-xenial ttyS0

ubuntu-xenial login: 